0 verbose cli C:\Program Files\nodejs\node.exe C:\Program Files\nodejs\node_modules\npm\bin\npm-cli.js
1 info using npm@10.2.4
2 info using node@v20.11.1
3 timing npm:load:whichnode Completed in 1ms
4 timing config:load:defaults Completed in 2ms
5 timing config:load:file:C:\Program Files\nodejs\node_modules\npm\npmrc Completed in 3ms
6 timing config:load:builtin Completed in 3ms
7 timing config:load:cli Completed in 2ms
8 timing config:load:env Completed in 0ms
9 timing config:load:file:C:\Users\Lorena\Desktop\front-end-dev\Learnpoint\course-catalog\.npmrc Completed in 1ms
10 timing config:load:project Completed in 2ms
11 timing config:load:file:C:\Users\Lorena\.npmrc Completed in 0ms
12 timing config:load:user Completed in 0ms
13 timing config:load:file:C:\Users\Lorena\AppData\Roaming\npm\etc\npmrc Completed in 0ms
14 timing config:load:global Completed in 0ms
15 timing config:load:setEnvs Completed in 0ms
16 timing config:load Completed in 10ms
17 timing npm:load:configload Completed in 10ms
18 timing config:load:flatten Completed in 2ms
19 timing npm:load:mkdirpcache Completed in 0ms
20 timing npm:load:mkdirplogs Completed in 1ms
21 verbose title npm start
22 verbose argv "start"
23 timing npm:load:setTitle Completed in 0ms
24 timing npm:load:display Completed in 1ms
25 verbose logfile logs-max:10 dir:C:\Users\Lorena\Desktop\front-end-dev\Learnpoint\course-catalog\UsersLorenaAppDataLocalnpm-cache\_logs\2025-04-02T07_35_25_289Z-
26 verbose logfile C:\Users\Lorena\Desktop\front-end-dev\Learnpoint\course-catalog\UsersLorenaAppDataLocalnpm-cache\_logs\2025-04-02T07_35_25_289Z-debug-0.log
27 timing npm:load:logFile Completed in 11ms
28 timing npm:load:timers Completed in 0ms
29 timing npm:load:configScope Completed in 0ms
30 timing npm:load Completed in 52ms
31 timing command:run-script Completed in 133ms
32 timing command:start Completed in 143ms
33 verbose stack Error: Could not read package.json: Error: ENOENT: no such file or directory, open 'C:\Users\Lorena\Desktop\front-end-dev\Learnpoint\course-catalog\package.json'
34 verbose cwd C:\Users\Lorena\Desktop\front-end-dev\Learnpoint\course-catalog
35 verbose Windows_NT 10.0.22631
36 verbose node v20.11.1
37 verbose npm  v10.2.4
38 error code ENOENT
39 error syscall open
40 error path C:\Users\Lorena\Desktop\front-end-dev\Learnpoint\course-catalog\package.json
41 error errno -4058
42 error enoent Could not read package.json: Error: ENOENT: no such file or directory, open 'C:\Users\Lorena\Desktop\front-end-dev\Learnpoint\course-catalog\package.json'
43 error enoent This is related to npm not being able to find a file.
43 error enoent
44 verbose exit -4058
45 timing npm Completed in 274ms
46 verbose code -4058
47 error A complete log of this run can be found in: C:\Users\Lorena\Desktop\front-end-dev\Learnpoint\course-catalog\UsersLorenaAppDataLocalnpm-cache\_logs\2025-04-02T07_35_25_289Z-debug-0.log
